2025-08-28 09:53:35,339 - INFO - Starting city weather data update
2025-08-28 09:53:35,340 - INFO - ============================================================
2025-08-28 09:53:35,340 - INFO - Data file city_weather_data.json is 190.8 hours old. Update needed.
2025-08-28 09:53:35,340 - INFO - Setting up OpenMeteo client with caching...
2025-08-28 09:53:35,354 - INFO - Loading city coordinates...
2025-08-28 09:53:35,354 - INFO - Loaded 86 cities from namaKota.json
2025-08-28 09:53:35,354 - INFO - Fetching weather data for 86 cities...
2025-08-28 09:53:35,356 - INFO - Fetching weather data for 86 cities...
2025-08-28 09:53:36,248 - INFO - Successfully processed 86 cities
2025-08-28 09:53:36,252 - INFO - Saved 86 cities to city_weather_data.json (0.0 MB)
2025-08-28 09:53:36,256 - INFO - Backup saved as city_weather_data_backup_20250828_095336.json
2025-08-28 09:53:36,257 - INFO - City weather data update completed successfully!
2025-08-28 09:53:36,257 - INFO - Updated 86 cities
2025-08-28 09:53:36,258 - INFO - Data saved to city_weather_data.json
2025-08-28 10:03:44,533 - INFO - Unified Weather Data Update System Started
2025-08-28 10:03:47,512 - INFO - ============================================================
2025-08-28 10:03:47,512 - INFO - Weather Data Status Report
2025-08-28 10:03:47,512 - INFO - ============================================================
2025-08-28 10:03:47,513 - INFO - Data file city_weather_data.json is 0.2 hours old. Still fresh.
2025-08-28 10:03:47,515 - INFO - Grid data file grid_weather_data_1degree.json is 0.7 hours old. Still fresh.
2025-08-28 10:03:47,517 - INFO - Port data file ../pelabuhan/pelabuhan_weather_data.json is 193.8 hours old. Update needed.
2025-08-28 10:03:47,519 - INFO - ============================================================
2025-08-28 10:04:27,760 - INFO - ============================================================
2025-08-28 10:04:27,762 - INFO - Starting Port Weather Update
2025-08-28 10:04:27,762 - INFO - ============================================================
2025-08-28 10:04:27,762 - INFO - Port data file ../pelabuhan/pelabuhan_weather_data.json is 193.8 hours old. Update needed.
2025-08-28 10:04:27,763 - INFO - Running port weather update script...
2025-08-28 10:13:10,586 - INFO - ============================================================
2025-08-28 10:13:10,586 - INFO - Weather Data Status Report
2025-08-28 10:13:10,587 - INFO - ============================================================
2025-08-28 10:13:10,587 - INFO - Data file city_weather_data.json is 0.3 hours old. Still fresh.
2025-08-28 10:13:10,590 - INFO - Grid data file grid_weather_data_1degree.json is 0.9 hours old. Still fresh.
2025-08-28 10:13:10,593 - INFO - Port data file ../pelabuhan/pelabuhan_weather_data.json is 0.0 hours old. Still fresh.
2025-08-28 10:13:10,595 - INFO - ============================================================
2025-08-28 10:25:37,612 - INFO - Unified Weather Data Update System Started
2025-08-28 10:30:49,679 - INFO - Unified Weather Update System Exited
2025-08-28 10:30:57,477 - INFO - Unified Weather Update System Exited
2025-08-28 10:32:31,097 - INFO - Unified Weather Data Update System Started
2025-08-28 10:32:43,771 - INFO - ============================================================
2025-08-28 10:32:43,771 - INFO - Weather Data Status Report
2025-08-28 10:32:43,772 - INFO - ============================================================
2025-08-28 10:32:43,772 - INFO - Data file city_weather_data.json is 0.7 hours old. Still fresh.
2025-08-28 10:32:43,784 - INFO - Grid data file grid_weather_data_1degree.json is 1.2 hours old. Still fresh.
2025-08-28 10:32:43,786 - INFO - Port data file ../pelabuhan/pelabuhan_weather_data.json is 0.4 hours old. Still fresh.
2025-08-28 10:32:43,788 - INFO - ============================================================
